TN:
SF:index.js
FN:7,(anonymous_0)
FNF:1
FNH:1
FNDA:19,(anonymous_0)
DA:2,1
DA:3,1
DA:5,1
DA:12,19
DA:13,2
DA:15,17
DA:16,1
DA:18,17
DA:19,17
DA:21,17
DA:23,17
DA:25,17
DA:31,1
LF:13
LH:13
BRDA:8,0,0,0
BRDA:9,1,0,1
BRDA:12,2,0,2
BRDA:12,2,1,17
BRDA:12,3,0,19
BRDA:12,3,1,18
BRDA:15,4,0,1
BRDA:15,4,1,16
BRF:8
BRH:7
end_of_record
TN:
SF:lib\describe.js
FN:8,(anonymous_0)
FNF:1
FNH:1
FNDA:17,(anonymous_0)
DA:2,1
DA:3,1
DA:4,1
DA:5,1
DA:6,1
DA:8,1
DA:13,17
DA:15,17
DA:17,17
DA:19,17
DA:21,17
DA:25,1
LF:12
LH:12
BRF:0
BRH:0
end_of_record
TN:
SF:lib\core\base.js
FN:4,(anonymous_0)
FNF:1
FNH:1
FNDA:21,(anonymous_0)
DA:2,1
DA:4,1
DA:9,21
DA:11,21
DA:12,21
DA:14,21
DA:18,1
LF:7
LH:7
BRF:0
BRH:0
end_of_record
TN:
SF:lib\core\chain.js
FN:5,(anonymous_0)
FN:7,(anonymous_1)
FNF:2
FNH:2
FNDA:17,(anonymous_0)
FNDA:2,(anonymous_1)
DA:2,1
DA:3,1
DA:5,1
DA:7,17
DA:8,2
DA:11,17
DA:15,1
LF:7
LH:7
BRF:0
BRH:0
end_of_record
TN:
SF:lib\core\clone.js
FN:4,(anonymous_0)
FN:6,(anonymous_1)
FNF:2
FNH:2
FNDA:17,(anonymous_0)
FNDA:2,(anonymous_1)
DA:2,1
DA:4,1
DA:6,17
DA:7,2
DA:10,17
DA:14,1
LF:6
LH:6
BRF:0
BRH:0
end_of_record
TN:
SF:lib\core\create.js
FN:5,(anonymous_0)
FN:12,(anonymous_1)
FN:18,(anonymous_2)
FN:28,(anonymous_3)
FN:47,(anonymous_4)
FN:50,(anonymous_5)
FNF:6
FNH:5
FNDA:21,(anonymous_0)
FNDA:31,(anonymous_1)
FNDA:116,(anonymous_2)
FNDA:36,(anonymous_3)
FNDA:0,(anonymous_4)
FNDA:34,(anonymous_5)
DA:2,1
DA:3,1
DA:5,1
DA:10,21
DA:12,21
DA:14,31
DA:16,31
DA:18,31
DA:20,116
DA:22,35
DA:26,18
DA:29,36
DA:37,18
DA:45,17
DA:48,0
DA:51,34
DA:66,31
DA:70,21
DA:74,1
LF:19
LH:18
BRDA:12,0,0,16
BRDA:14,1,0,13
BRDA:14,1,1,18
BRDA:20,2,0,35
BRDA:20,2,1,81
BRDA:22,3,0,18
BRDA:22,3,1,0
BRDA:22,3,2,0
BRDA:22,3,3,17
BRF:9
BRH:7
end_of_record
TN:
SF:lib\core\make.js
FN:5,(anonymous_0)
FN:7,(anonymous_1)
FN:13,(anonymous_2)
FN:23,(anonymous_3)
FN:37,(anonymous_4)
FNF:5
FNH:4
FNDA:17,(anonymous_0)
FNDA:4,(anonymous_1)
FNDA:2,(anonymous_2)
FNDA:36,(anonymous_3)
FNDA:0,(anonymous_4)
DA:2,1
DA:3,1
DA:5,1
DA:7,17
DA:9,4
DA:11,4
DA:13,4
DA:15,2
DA:19,4
DA:21,4
DA:23,4
DA:25,36
DA:27,28
DA:30,20
DA:37,8
DA:39,0
DA:41,0
DA:53,4
DA:57,17
DA:61,1
LF:20
LH:18
BRDA:7,0,0,2
BRDA:25,1,0,28
BRDA:25,1,1,8
BRDA:25,2,0,36
BRDA:25,2,1,32
BRDA:27,3,0,20
BRDA:27,3,1,0
BRDA:27,3,2,0
BRDA:27,3,3,8
BRF:9
BRH:7
end_of_record
TN:
SF:lib\util\chain.js
FN:3,(anonymous_0)
FN:8,(anonymous_1)
FNF:2
FNH:2
FNDA:2,(anonymous_0)
FNDA:19,(anonymous_1)
DA:3,1
DA:5,2
DA:6,2
DA:8,2
DA:10,19
DA:14,4
DA:16,0
DA:17,0
DA:21,4
DA:28,10
DA:34,5
DA:35,5
DA:36,2
DA:38,3
DA:44,19
DA:48,2
DA:52,1
LF:17
LH:15
BRDA:10,0,0,4
BRDA:10,0,1,0
BRDA:10,0,2,10
BRDA:10,0,3,5
BRDA:14,1,0,0
BRDA:14,1,1,4
BRDA:14,2,0,4
BRDA:14,2,1,2
BRDA:16,3,0,0
BRDA:16,3,1,0
BRDA:34,4,0,2
BRDA:34,4,1,3
BRDA:35,5,0,2
BRDA:35,5,1,3
BRF:14
BRH:10
end_of_record
TN:
SF:lib\util\clone.js
FN:3,(anonymous_0)
FN:7,(anonymous_1)
FNF:2
FNH:2
FNDA:656,(anonymous_0)
FNDA:1692,(anonymous_1)
DA:3,1
DA:5,656
DA:7,656
DA:9,1692
DA:13,437
DA:15,437
DA:23,1255
DA:31,656
DA:35,1
LF:9
LH:9
BRDA:9,0,0,437
BRDA:9,0,1,0
BRDA:9,0,2,712
BRDA:9,0,3,1255
BRF:4
BRH:3
end_of_record
